#
# A fatal error has been detected by the Java Runtime Environment:
#
#  EXCEPTION_STACK_OVERFLOW (0xc00000fd) at pc=0x000000006700b4eb, pid=22216, tid=0x0000000000000234
#
# JRE version: Java(TM) SE Runtime Environment (8.0_261-b12) (build 1.8.0_261-b12)
# Java VM: Java HotSpot(TM) 64-Bit Server VM (25.261-b12 mixed mode windows-amd64 compressed oops)
# Problematic frame:
# V  [jvm.dll+0x21b4eb]
#
# Failed to write core dump. Minidumps are not enabled by default on client versions of Windows
#
# If you would like to submit a bug report, please visit:
#   http://bugreport.java.com/bugreport/crash.jsp
#

---------------  T H R E A D  ---------------

Current thread (0x0000019e73b9f800):  JavaThread "org.springframework.amqp.rabbit.RabbitListenerEndpointContainer#0-2" [_thread_in_vm, id=564, stack(0x0000003a6a900000,0x0000003a6aa00000)]

siginfo: ExceptionCode=0xc00000fd, ExceptionInformation=0x0000000000000001 0x0000003a6a9fc630 

Registers:
RAX=0x0000000000000004, RBX=0x0000000000000004, RCX=0x0000003a6a9fc630, RDX=0x0000000000003000
RSP=0x0000003a6a9ff630, RBP=0x0000003a6a9ff730, RSI=0x0000000000000004, RDI=0x0000019e6d45e2f0
R8 =0x0000000000000005, R9 =0x0000000000000006, R10=0x0000019e755ac730, R11=0x0000019e6d45e2f0
R12=0x0000019e73689350, R13=0x0000003a6a9ffa00, R14=0x0000003a6a9ff930, R15=0x0000003a6a9ff630
RIP=0x000000006700b4eb, EFLAGS=0x0000000000010202

Top of Stack: (sp=0x0000003a6a9ff630)
0x0000003a6a9ff630:   0000019e73b9f800 0000000000000001
0x0000003a6a9ff640:   0000019e6d45e2f0 0000000066ec6d3a
0x0000003a6a9ff650:   0000019e6d45e2f0 0000019e73b9f800
0x0000003a6a9ff660:   0000000000000000 0000000000000000
0x0000003a6a9ff670:   0000000ac0006c00 0000019e6d45e2f0
0x0000003a6a9ff680:   0000019e73b9f800 0000019e54bd6e20
0x0000003a6a9ff690:   0000000000000001 0000000000000000
0x0000003a6a9ff6a0:   0000019e6d45e2f0 0000003a00000001
0x0000003a6a9ff6b0:   0000000000000005 0000019e73b9f800
0x0000003a6a9ff6c0:   0000019e6d45e2f0 0000019e73b9f800
0x0000003a6a9ff6d0:   0000019e6d45e2f0 0000019e73b9f800
0x0000003a6a9ff6e0:   0000019e73b9f800 0000019e73b9f800
0x0000003a6a9ff6f0:   0000000000000005 0000019e6d45e2f0
0x0000003a6a9ff700:   00000007c0006c48 0000000066ecbfc7
0x0000003a6a9ff710:   0000019e73689350 0000003a6a9ff771
0x0000003a6a9ff720:   0000019e6d45e2f0 0000000000000000 

Instructions: (pc=0x000000006700b4eb)
0x000000006700b4cb:   f8 7c 33 48 8b de e8 5a 96 08 00 48 63 d0 ff c6
0x000000006700b4db:   48 0f af d3 49 8b cf 48 63 c6 48 2b ca 48 ff c3
0x000000006700b4eb:   c7 01 00 00 00 00 48 3b 05 d8 ce 55 00 7e d7 48
0x000000006700b4fb:   8b 9d e8 00 00 00 48 8d 54 24 48 48 8d 4d 50 e8 


Register to memory mapping:

RAX=0x0000000000000004 is an unknown value
RBX=0x0000000000000004 is an unknown value
RCX=0x0000003a6a9fc630 is pointing into the stack for thread: 0x0000019e73b9f800
RDX=0x0000000000003000 is an unknown value
RSP=0x0000003a6a9ff630 is pointing into the stack for thread: 0x0000019e73b9f800
RBP=0x0000003a6a9ff730 is pointing into the stack for thread: 0x0000019e73b9f800
RSI=0x0000000000000004 is an unknown value
RDI={method} {0x0000019e6d45e2f8} 'run' '()V' in 'java/lang/Thread'
R8 =0x0000000000000005 is an unknown value
R9 =0x0000000000000006 is an unknown value
R10=0x0000019e755ac730 is an unknown value
R11={method} {0x0000019e6d45e2f8} 'run' '()V' in 'java/lang/Thread'
R12=0x0000019e73689350 is an unknown value
R13=0x0000003a6a9ffa00 is pointing into the stack for thread: 0x0000019e73b9f800
R14=0x0000003a6a9ff930 is pointing into the stack for thread: 0x0000019e73b9f800
R15=0x0000003a6a9ff630 is pointing into the stack for thread: 0x0000019e73b9f800


Stack: [0x0000003a6a900000,0x0000003a6aa00000],  sp=0x0000003a6a9ff630,  free space=1021k
Native frames: (J=compiled Java code, j=interpreted, Vv=VM code, C=native code)
V  [jvm.dll+0x21b4eb]


---------------  P R O C E S S  ---------------

Java Threads: ( => current thread )
  0x0000019e73b9c800 JavaThread "springCloudBus.anonymous.bano7TElQx6Uj7Iy3iJFLw-2" [_thread_blocked, id=9048, stack(0x0000003a6d600000,0x0000003a6d700000)]
=>0x0000019e73b9f800 JavaThread "org.springframework.amqp.rabbit.RabbitListenerEndpointContainer#0-2" [_thread_in_vm, id=564, stack(0x0000003a6a900000,0x0000003a6aa00000)]
  0x0000019e755bf000 JavaThread "task-scheduler-10" [_thread_blocked, id=20744, stack(0x0000003a6d500000,0x0000003a6d600000)]
  0x0000019e755bc000 JavaThread "task-scheduler-9" [_thread_blocked, id=7036, stack(0x0000003a6d400000,0x0000003a6d500000)]
  0x0000019e755bd800 JavaThread "task-scheduler-8" [_thread_blocked, id=18716, stack(0x0000003a6d200000,0x0000003a6d300000)]
  0x0000019e755be000 JavaThread "task-scheduler-7" [_thread_blocked, id=17248, stack(0x0000003a6c600000,0x0000003a6c700000)]
  0x0000019e755b9000 JavaThread "task-scheduler-6" [_thread_blocked, id=23576, stack(0x0000003a6c200000,0x0000003a6c300000)]
  0x0000019e755ba800 JavaThread "task-scheduler-5" [_thread_blocked, id=17228, stack(0x0000003a6ab00000,0x0000003a6ac00000)]
  0x0000019e755bc800 JavaThread "task-scheduler-4" [_thread_blocked, id=21044, stack(0x0000003a6aa00000,0x0000003a6ab00000)]
  0x0000019e755b4800 JavaThread "task-scheduler-3" [_thread_blocked, id=24036, stack(0x0000003a6d300000,0x0000003a6d400000)]
  0x0000019e755b6800 JavaThread "com.alibaba.nacos.naming.beat.sender" daemon [_thread_blocked, id=17628, stack(0x0000003a6fa00000,0x0000003a6fb00000)]
  0x0000019e755b5000 JavaThread "com.alibaba.nacos.naming.beat.sender" daemon [_thread_blocked, id=23124, stack(0x0000003a6f900000,0x0000003a6fa00000)]
  0x0000019e755b9800 JavaThread "com.alibaba.nacos.naming.beat.sender" daemon [_thread_blocked, id=20016, stack(0x0000003a6c400000,0x0000003a6c500000)]
  0x0000019e755bb000 JavaThread "SimplePauseDetectorThread_2" daemon [_thread_blocked, id=17924, stack(0x0000003a6f800000,0x0000003a6f900000)]
  0x0000019e755b6000 JavaThread "SimplePauseDetectorThread_1" daemon [_thread_blocked, id=18220, stack(0x0000003a6f700000,0x0000003a6f800000)]
  0x0000019e73ba0000 JavaThread "SimplePauseDetectorThread_0" daemon [_thread_blocked, id=15624, stack(0x0000003a6f600000,0x0000003a6f700000)]
  0x0000019e705f2800 JavaThread "Thread-63" daemon [_thread_blocked, id=6708, stack(0x0000003a6f500000,0x0000003a6f600000)]
  0x0000019e755fd800 JavaThread "lettuce-eventExecutorLoop-1-2" daemon [_thread_blocked, id=21192, stack(0x0000003a6f400000,0x0000003a6f500000)]
  0x0000019e755fc000 JavaThread "lettuce-nioEventLoop-4-1" daemon [_thread_in_native, id=14100, stack(0x0000003a6d100000,0x0000003a6d200000)]
  0x0000019e755fc800 JavaThread "elasticBounded-evictor-1" daemon [_thread_blocked, id=12712, stack(0x0000003a6f200000,0x0000003a6f300000)]
  0x0000019e75600800 JavaThread "HikariPool-1 housekeeper" daemon [_thread_blocked, id=22120, stack(0x0000003a6c500000,0x0000003a6c600000)]
  0x0000019e755f9000 JavaThread "DestroyJavaVM" [_thread_blocked, id=720, stack(0x0000003a6ac00000,0x0000003a6ad00000)]
  0x0000019e755ff000 JavaThread "Timer-0" daemon [_thread_blocked, id=18392, stack(0x0000003a6ee00000,0x0000003a6ef00000)]
  0x0000019e755f2000 JavaThread "com.alibaba.nacos.naming.beat.sender" daemon [_thread_blocked, id=5132, stack(0x0000003a6ed00000,0x0000003a6ee00000)]
  0x0000019e755f6800 JavaThread "http-nio-8206-Acceptor" daemon [_thread_in_native, id=8368, stack(0x0000003a6ec00000,0x0000003a6ed00000)]
  0x0000019e755f8000 JavaThread "http-nio-8206-ClientPoller" daemon [_thread_in_native, id=14992, stack(0x0000003a6eb00000,0x0000003a6ec00000)]
  0x0000019e755f6000 JavaThread "http-nio-8206-exec-10" daemon [_thread_blocked, id=18652, stack(0x0000003a6ea00000,0x0000003a6eb00000)]
  0x0000019e755f5000 JavaThread "http-nio-8206-exec-9" daemon [_thread_blocked, id=18328, stack(0x0000003a6e900000,0x0000003a6ea00000)]
  0x0000019e755f4800 JavaThread "http-nio-8206-exec-8" daemon [_thread_blocked, id=14972, stack(0x0000003a6e800000,0x0000003a6e900000)]
  0x0000019e755f3000 JavaThread "http-nio-8206-exec-7" daemon [_thread_blocked, id=22060, stack(0x0000003a6e700000,0x0000003a6e800000)]
  0x0000019e755f3800 JavaThread "http-nio-8206-exec-6" daemon [_thread_blocked, id=15864, stack(0x0000003a6e600000,0x0000003a6e700000)]
  0x0000019e755f1800 JavaThread "http-nio-8206-exec-5" daemon [_thread_blocked, id=22304, stack(0x0000003a6e500000,0x0000003a6e600000)]
  0x0000019e755f7800 JavaThread "http-nio-8206-exec-4" daemon [_thread_blocked, id=11372, stack(0x0000003a6e400000,0x0000003a6e500000)]
  0x0000019e705eb800 JavaThread "http-nio-8206-exec-3" daemon [_thread_blocked, id=21004, stack(0x0000003a6e300000,0x0000003a6e400000)]
  0x0000019e73ba5800 JavaThread "http-nio-8206-exec-2" daemon [_thread_blocked, id=21148, stack(0x0000003a6e200000,0x0000003a6e300000)]
  0x0000019e73ba6000 JavaThread "http-nio-8206-exec-1" daemon [_thread_blocked, id=3560, stack(0x0000003a6e100000,0x0000003a6e200000)]
  0x0000019e73ba7000 JavaThread "http-nio-8206-BlockPoller" daemon [_thread_in_native, id=10840, stack(0x0000003a6e000000,0x0000003a6e100000)]
  0x0000019e73ba8800 JavaThread "task-scheduler-2" [_thread_blocked, id=18456, stack(0x0000003a6db00000,0x0000003a6dc00000)]
  0x0000019e73b9b000 JavaThread "task-scheduler-1" [_thread_blocked, id=21640, stack(0x0000003a6da00000,0x0000003a6db00000)]
  0x0000019e73b9e000 JavaThread "File Watcher" daemon [_thread_blocked, id=15604, stack(0x0000003a6d800000,0x0000003a6d900000)]
  0x0000019e705f0000 JavaThread "container-0" [_thread_blocked, id=16372, stack(0x0000003a6d000000,0x0000003a6d100000)]
  0x0000019e705f1000 JavaThread "Catalina-utility-2" [_thread_blocked, id=23108, stack(0x0000003a6cf00000,0x0000003a6d000000)]
  0x0000019e705ee800 JavaThread "Catalina-utility-1" [_thread_blocked, id=23104, stack(0x0000003a6ce00000,0x0000003a6cf00000)]
  0x0000019e705ee000 JavaThread "Abandoned connection cleanup thread" daemon [_thread_blocked, id=1320, stack(0x0000003a6cd00000,0x0000003a6ce00000)]
  0x0000019e705ef800 JavaThread "com.alibaba.nacos.naming.push.receiver" daemon [_thread_in_native, id=22424, stack(0x0000003a6cc00000,0x0000003a6cd00000)]
  0x0000019e705ed000 JavaThread "com.alibaba.nacos.naming.failover" daemon [_thread_blocked, id=22496, stack(0x0000003a6cb00000,0x0000003a6cc00000)]
  0x0000019e705ec000 JavaThread "com.alibaba.nacos.naming.client.listener" daemon [_thread_blocked, id=22352, stack(0x0000003a6ca00000,0x0000003a6cb00000)]
  0x0000019e73672800 JavaThread "lettuce-eventExecutorLoop-1-1" daemon [_thread_blocked, id=18676, stack(0x0000003a6c800000,0x0000003a6c900000)]
  0x0000019e70ddf000 JavaThread "spring.cloud.inetutils" daemon [_thread_blocked, id=12460, stack(0x0000003a6c700000,0x0000003a6c800000)]
  0x0000019e70dee800 JavaThread "RMI Scheduler(0)" daemon [_thread_blocked, id=18816, stack(0x0000003a6c300000,0x0000003a6c400000)]
  0x0000019e708d3800 JavaThread "RMI TCP Accept-0" daemon [_thread_in_native, id=23272, stack(0x0000003a6c000000,0x0000003a6c100000)]
  0x0000019e70641800 JavaThread "Service Thread" daemon [_thread_blocked, id=18132, stack(0x0000003a6bf00000,0x0000003a6c000000)]
  0x0000019e705f1800 JavaThread "C1 CompilerThread3" daemon [_thread_blocked, id=1228, stack(0x0000003a6be00000,0x0000003a6bf00000)]
  0x0000019e705de800 JavaThread "C2 CompilerThread2" daemon [_thread_blocked, id=16356, stack(0x0000003a6bd00000,0x0000003a6be00000)]
  0x0000019e705d1000 JavaThread "C2 CompilerThread1" daemon [_thread_blocked, id=1944, stack(0x0000003a6bc00000,0x0000003a6bd00000)]
  0x0000019e705ce000 JavaThread "C2 CompilerThread0" daemon [_thread_blocked, id=19284, stack(0x0000003a6bb00000,0x0000003a6bc00000)]
  0x0000019e704a9800 JavaThread "Monitor Ctrl-Break" daemon [_thread_in_native, id=11668, stack(0x0000003a6ba00000,0x0000003a6bb00000)]
  0x0000019e6e0cc800 JavaThread "Attach Listener" daemon [_thread_blocked, id=10264, stack(0x0000003a6b900000,0x0000003a6ba00000)]
  0x0000019e6e0b6000 JavaThread "Signal Dispatcher" daemon [_thread_blocked, id=22660, stack(0x0000003a6b800000,0x0000003a6b900000)]
  0x0000019e6e0a7800 JavaThread "Finalizer" daemon [_thread_blocked, id=3468, stack(0x0000003a6b700000,0x0000003a6b800000)]
  0x0000019e533c7000 JavaThread "Reference Handler" daemon [_thread_blocked, id=9360, stack(0x0000003a6b600000,0x0000003a6b700000)]

Other Threads:
  0x0000019e533c4800 VMThread [stack: 0x0000003a6b500000,0x0000003a6b600000] [id=17572]
  0x0000019e708db000 WatcherThread [stack: 0x0000003a6c100000,0x0000003a6c200000] [id=16736]

VM state:synchronizing (normal execution)

VM Mutex/Monitor currently owned by a thread:  ([mutex/lock_event])
[0x0000019e533303a0] Threads_lock - owner thread: 0x0000019e533c4800

OutOfMemory and StackOverflow Exception counts:
OutOfMemoryError java_heap_errors=2

heap address: 0x00000006c1800000, size: 4072 MB, Compressed Oops mode: Zero based, Oop shift amount: 3
Narrow klass base: 0x0000000000000000, Narrow klass shift: 3
Compressed class space size: 1073741824 Address: 0x00000007c0000000

Heap:
 PSYoungGen      total 46080K, used 8680K [0x000000076b300000, 0x0000000770180000, 0x00000007c0000000)
  eden space 45056K, 17% used [0x000000076b300000,0x000000076baaa1d8,0x000000076df00000)
  from space 1024K, 81% used [0x000000076ff00000,0x000000076ffd0100,0x0000000770000000)
  to   space 1536K, 0% used [0x0000000770000000,0x0000000770000000,0x0000000770180000)
 ParOldGen       total 197120K, used 52201K [0x00000006c1800000, 0x00000006cd880000, 0x000000076b300000)
  object space 197120K, 26% used [0x00000006c1800000,0x00000006c4afa698,0x00000006cd880000)
 Metaspace       used 68794K, capacity 73700K, committed 73752K, reserved 1112064K
  class space    used 9407K, capacity 10220K, committed 10264K, reserved 1048576K

Card table byte_map: [0x0000019e63f50000,0x0000019e64750000] byte_map_base: 0x0000019e60944000

Marking Bits: (ParMarkBitMap*) 0x00000000675e4fb0
 Begin Bits: [0x0000019e64ca0000, 0x0000019e68c40000)
 End Bits:   [0x0000019e68c40000, 0x0000019e6cbe0000)

Polling page: 0x0000019e532c0000

CodeCache: size=245760Kb used=16861Kb max_used=16861Kb free=228898Kb
 bounds [0x0000019e54b90000, 0x0000019e55c10000, 0x0000019e63b90000]
 total_blobs=8742 nmethods=8100 adapters=553
 compilation: enabled

Compilation events (10 events):
Event: 351630.189 Thread 0x0000019e705f1800 8304       1       sun.management.GcInfoCompositeData::getEndTime (7 bytes)
Event: 351630.189 Thread 0x0000019e705f1800 nmethod 8304 0x0000019e55c08890 code [0x0000019e55c08a00, 0x0000019e55c08c00]
Event: 351630.190 Thread 0x0000019e705f1800 8305   !   1       sun.management.GcInfoCompositeData::getMemoryUsageBeforeGc (33 bytes)
Event: 351630.190 Thread 0x0000019e705f1800 nmethod 8305 0x0000019e55c08d50 code [0x0000019e55c08ee0, 0x0000019e55c09150]
Event: 351630.190 Thread 0x0000019e705f1800 8306   !   1       sun.management.GcInfoCompositeData::getMemoryUsageAfterGc (33 bytes)
Event: 351630.190 Thread 0x0000019e705f1800 nmethod 8306 0x0000019e55c092d0 code [0x0000019e55c09460, 0x0000019e55c096d0]
Event: 351985.455 Thread 0x0000019e705f1800 8307       1       ch.qos.logback.classic.Level::toString (5 bytes)
Event: 351985.460 Thread 0x0000019e705f1800 nmethod 8307 0x0000019e55c09850 code [0x0000019e55c099a0, 0x0000019e55c09ab8]
Event: 351986.449 Thread 0x0000019e705f1800 8308       1       org.springframework.util.ConcurrentReferenceHashMap$Segment::getReference (55 bytes)
Event: 351986.456 Thread 0x0000019e705f1800 nmethod 8308 0x0000019e55c09b10 code [0x0000019e55c09c80, 0x0000019e55c09e60]

GC Heap History (10 events):
Event: 351295.647 GC heap before
{Heap before GC invocations=778 (full 3):
 PSYoungGen      total 46080K, used 45904K [0x000000076b300000, 0x0000000770400000, 0x00000007c0000000)
  eden space 45056K, 100% used [0x000000076b300000,0x000000076df00000,0x000000076df00000)
  from space 1024K, 82% used [0x0000000770300000,0x00000007703d4130,0x0000000770400000)
  to   space 1536K, 0% used [0x0000000770100000,0x0000000770100000,0x0000000770280000)
 ParOldGen       total 197120K, used 52169K [0x00000006c1800000, 0x00000006cd880000, 0x000000076b300000)
  object space 197120K, 26% used [0x00000006c1800000,0x00000006c4af2698,0x00000006cd880000)
 Metaspace       used 68746K, capacity 73692K, committed 73752K, reserved 1112064K
  class space    used 9393K, capacity 10216K, committed 10264K, reserved 1048576K
Event: 351295.651 GC heap after
Heap after GC invocations=778 (full 3):
 PSYoungGen      total 46080K, used 896K [0x000000076b300000, 0x0000000770380000, 0x00000007c0000000)
  eden space 45056K, 0% used [0x000000076b300000,0x000000076b300000,0x000000076df00000)
  from space 1024K, 87% used [0x0000000770100000,0x00000007701e0100,0x0000000770200000)
  to   space 1536K, 0% used [0x0000000770200000,0x0000000770200000,0x0000000770380000)
 ParOldGen       total 197120K, used 52169K [0x00000006c1800000, 0x00000006cd880000, 0x000000076b300000)
  object space 197120K, 26% used [0x00000006c1800000,0x00000006c4af2698,0x00000006cd880000)
 Metaspace       used 68746K, capacity 73692K, committed 73752K, reserved 1112064K
  class space    used 9393K, capacity 10216K, committed 10264K, reserved 1048576K
}
Event: 351462.831 GC heap before
{Heap before GC invocations=779 (full 3):
 PSYoungGen      total 46080K, used 45952K [0x000000076b300000, 0x0000000770380000, 0x00000007c0000000)
  eden space 45056K, 100% used [0x000000076b300000,0x000000076df00000,0x000000076df00000)
  from space 1024K, 87% used [0x0000000770100000,0x00000007701e0100,0x0000000770200000)
  to   space 1536K, 0% used [0x0000000770200000,0x0000000770200000,0x0000000770380000)
 ParOldGen       total 197120K, used 52169K [0x00000006c1800000, 0x00000006cd880000, 0x000000076b300000)
  object space 197120K, 26% used [0x00000006c1800000,0x00000006c4af2698,0x00000006cd880000)
 Metaspace       used 68746K, capacity 73692K, committed 73752K, reserved 1112064K
  class space    used 9393K, capacity 10216K, committed 10264K, reserved 1048576K
Event: 351462.835 GC heap after
Heap after GC invocations=779 (full 3):
 PSYoungGen      total 46080K, used 896K [0x000000076b300000, 0x0000000770300000, 0x00000007c0000000)
  eden space 45056K, 0% used [0x000000076b300000,0x000000076b300000,0x000000076df00000)
  from space 1024K, 87% used [0x0000000770200000,0x00000007702e00e0,0x0000000770300000)
  to   space 1536K, 0% used [0x0000000770000000,0x0000000770000000,0x0000000770180000)
 ParOldGen       total 197120K, used 52185K [0x00000006c1800000, 0x00000006cd880000, 0x000000076b300000)
  object space 197120K, 26% used [0x00000006c1800000,0x00000006c4af6698,0x00000006cd880000)
 Metaspace       used 68746K, capacity 73692K, committed 73752K, reserved 1112064K
  class space    used 9393K, capacity 10216K, committed 10264K, reserved 1048576K
}
Event: 351630.175 GC heap before
{Heap before GC invocations=780 (full 3):
 PSYoungGen      total 46080K, used 45952K [0x000000076b300000, 0x0000000770300000, 0x00000007c0000000)
  eden space 45056K, 100% used [0x000000076b300000,0x000000076df00000,0x000000076df00000)
  from space 1024K, 87% used [0x0000000770200000,0x00000007702e00e0,0x0000000770300000)
  to   space 1536K, 0% used [0x0000000770000000,0x0000000770000000,0x0000000770180000)
 ParOldGen       total 197120K, used 52185K [0x00000006c1800000, 0x00000006cd880000, 0x000000076b300000)
  object space 197120K, 26% used [0x00000006c1800000,0x00000006c4af6698,0x00000006cd880000)
 Metaspace       used 68746K, capacity 73692K, committed 73752K, reserved 1112064K
  class space    used 9393K, capacity 10216K, committed 10264K, reserved 1048576K
Event: 351630.179 GC heap after
Heap after GC invocations=780 (full 3):
 PSYoungGen      total 46080K, used 880K [0x000000076b300000, 0x0000000770280000, 0x00000007c0000000)
  eden space 45056K, 0% used [0x000000076b300000,0x000000076b300000,0x000000076df00000)
  from space 1024K, 85% used [0x0000000770000000,0x00000007700dc110,0x0000000770100000)
  to   space 1536K, 0% used [0x0000000770100000,0x0000000770100000,0x0000000770280000)
 ParOldGen       total 197120K, used 52193K [0x00000006c1800000, 0x00000006cd880000, 0x000000076b300000)
  object space 197120K, 26% used [0x00000006c1800000,0x00000006c4af8698,0x00000006cd880000)
 Metaspace       used 68746K, capacity 73692K, committed 73752K, reserved 1112064K
  class space    used 9393K, capacity 10216K, committed 10264K, reserved 1048576K
}
Event: 351795.638 GC heap before
{Heap before GC invocations=781 (full 3):
 PSYoungGen      total 46080K, used 45936K [0x000000076b300000, 0x0000000770280000, 0x00000007c0000000)
  eden space 45056K, 100% used [0x000000076b300000,0x000000076df00000,0x000000076df00000)
  from space 1024K, 85% used [0x0000000770000000,0x00000007700dc110,0x0000000770100000)
  to   space 1536K, 0% used [0x0000000770100000,0x0000000770100000,0x0000000770280000)
 ParOldGen       total 197120K, used 52193K [0x00000006c1800000, 0x00000006cd880000, 0x000000076b300000)
  object space 197120K, 26% used [0x00000006c1800000,0x00000006c4af8698,0x00000006cd880000)
 Metaspace       used 68746K, capacity 73692K, committed 73752K, reserved 1112064K
  class space    used 9393K, capacity 10216K, committed 10264K, reserved 1048576K
Event: 351795.642 GC heap after
Heap after GC invocations=781 (full 3):
 PSYoungGen      total 46080K, used 880K [0x000000076b300000, 0x0000000770200000, 0x00000007c0000000)
  eden space 45056K, 0% used [0x000000076b300000,0x000000076b300000,0x000000076df00000)
  from space 1024K, 85% used [0x0000000770100000,0x00000007701dc110,0x0000000770200000)
  to   space 1536K, 0% used [0x000000076ff00000,0x000000076ff00000,0x0000000770080000)
 ParOldGen       total 197120K, used 52201K [0x00000006c1800000, 0x00000006cd880000, 0x000000076b300000)
  object space 197120K, 26% used [0x00000006c1800000,0x00000006c4afa698,0x00000006cd880000)
 Metaspace       used 68746K, capacity 73692K, committed 73752K, reserved 1112064K
  class space    used 9393K, capacity 10216K, committed 10264K, reserved 1048576K
}
Event: 351965.444 GC heap before
{Heap before GC invocations=782 (full 3):
 PSYoungGen      total 46080K, used 45936K [0x000000076b300000, 0x0000000770200000, 0x00000007c0000000)
  eden space 45056K, 100% used [0x000000076b300000,0x000000076df00000,0x000000076df00000)
  from space 1024K, 85% used [0x0000000770100000,0x00000007701dc110,0x0000000770200000)
  to   space 1536K, 0% used [0x000000076ff00000,0x000000076ff00000,0x0000000770080000)
 ParOldGen       total 197120K, used 52201K [0x00000006c1800000, 0x00000006cd880000, 0x000000076b300000)
  object space 197120K, 26% used [0x00000006c1800000,0x00000006c4afa698,0x00000006cd880000)
 Metaspace       used 68746K, capacity 73692K, committed 73752K, reserved 1112064K
  class space    used 9393K, capacity 10216K, committed 10264K, reserved 1048576K
Event: 351965.473 GC heap after
Heap after GC invocations=782 (full 3):
 PSYoungGen      total 46080K, used 832K [0x000000076b300000, 0x0000000770180000, 0x00000007c0000000)
  eden space 45056K, 0% used [0x000000076b300000,0x000000076b300000,0x000000076df00000)
  from space 1024K, 81% used [0x000000076ff00000,0x000000076ffd0100,0x0000000770000000)
  to   space 1536K, 0% used [0x0000000770000000,0x0000000770000000,0x0000000770180000)
 ParOldGen       total 197120K, used 52201K [0x00000006c1800000, 0x00000006cd880000, 0x000000076b300000)
  object space 197120K, 26% used [0x00000006c1800000,0x00000006c4afa698,0x00000006cd880000)
 Metaspace       used 68746K, capacity 73692K, committed 73752K, reserved 1112064K
  class space    used 9393K, capacity 10216K, committed 10264K, reserved 1048576K
}

Deoptimization events (0 events):
No events

Classes redefined (0 events):
No events

Internal exceptions (10 events):
Event: 351977.294 Thread 0x0000019e73b99800 Exception <a 'java/net/SocketTimeoutException': Read timed out> (0x000000076b6b5cd0) thrown at [C:\jenkins\workspace\8-2-build-windows-amd64-cygwin\jdk8u261\295\hotspot\src\share\vm\prims\jni.cpp, line 737]
Event: 351980.916 Thread 0x0000019e755ff000 Exception <a 'java/io/FileNotFoundException'> (0x000000076b78d580) thrown at [C:\jenkins\workspace\8-2-build-windows-amd64-cygwin\jdk8u261\295\hotspot\src\share\vm\prims\jni.cpp, line 710]
Event: 351980.917 Thread 0x0000019e755ff000 Exception <a 'java/io/FileNotFoundException'> (0x000000076b78db58) thrown at [C:\jenkins\workspace\8-2-build-windows-amd64-cygwin\jdk8u261\295\hotspot\src\share\vm\prims\jni.cpp, line 710]
Event: 351981.129 Thread 0x0000019e755b9800 Exception <a 'java/lang/OutOfMemoryError': unable to create new native thread> (0x000000076b7abee0) thrown at [C:\jenkins\workspace\8-2-build-windows-amd64-cygwin\jdk8u261\295\hotspot\src\share\vm\prims\jvm.cpp, line 3151]
Event: 351981.129 Thread 0x0000019e755b9800 Exception <a 'java/lang/OutOfMemoryError'> (0x000000076b7abee0) thrown at [C:\jenkins\workspace\8-2-build-windows-amd64-cygwin\jdk8u261\295\hotspot\src\share\vm\prims\jvm.cpp, line 1516]
Event: 351985.173 Thread 0x0000019e73b99800 Exception <a 'sun/net/ConnectionResetException': > (0x000000076b6b5f08) thrown at [C:\jenkins\workspace\8-2-build-windows-amd64-cygwin\jdk8u261\295\hotspot\src\share\vm\prims\jni.cpp, line 737]
Event: 351985.174 Thread 0x0000019e73b99800 Exception <a 'sun/net/ConnectionResetException': > (0x000000076b6b6138) thrown at [C:\jenkins\workspace\8-2-build-windows-amd64-cygwin\jdk8u261\295\hotspot\src\share\vm\prims\jni.cpp, line 737]
Event: 351985.458 Thread 0x0000019e73b99800 Exception <a 'java/lang/NullPointerException'> (0x000000076b8b70e0) thrown at [C:\jenkins\workspace\8-2-build-windows-amd64-cygwin\jdk8u261\295\hotspot\src\share\vm\interpreter\linkResolver.cpp, line 1287]
Event: 351985.460 Thread 0x0000019e73b99800 Exception <a 'java/lang/NullPointerException'> (0x000000076b8b9478) thrown at [C:\jenkins\workspace\8-2-build-windows-amd64-cygwin\jdk8u261\295\hotspot\src\share\vm\interpreter\linkResolver.cpp, line 1287]
Event: 351985.460 Thread 0x0000019e73b99800 Exception <a 'java/lang/NullPointerException'> (0x000000076b8bb570) thrown at [C:\jenkins\workspace\8-2-build-windows-amd64-cygwin\jdk8u261\295\hotspot\src\share\vm\interpreter\linkResolver.cpp, line 1287]

Events (10 events):
Event: 351986.760 loading class org/springframework/amqp/rabbit/listener/AsyncConsumerRestartedEvent done
Event: 351986.772 Thread 0x0000019e73b9f800 Thread added: 0x0000019e73b9f800
Event: 351986.772 Thread 0x0000019e73ba3000 DEOPT PACKING pc=0x0000019e55ac50a4 sp=0x0000003a6defedf0
Event: 351986.772 Thread 0x0000019e73ba3000 DEOPT UNPACKING pc=0x0000019e54bd7898 sp=0x0000003a6defeda0 mode 0
Event: 351986.773 Thread 0x0000019e73b9c800 Thread added: 0x0000019e73b9c800
Event: 351986.773 Thread 0x0000019e73ba2800 DEOPT PACKING pc=0x0000019e55ac50a4 sp=0x0000003a6dcfef20
Event: 351986.773 Thread 0x0000019e73ba2800 DEOPT UNPACKING pc=0x0000019e54bd7898 sp=0x0000003a6dcfeed0 mode 0
Event: 351986.774 Thread 0x0000019e73ba3000 Thread exited: 0x0000019e73ba3000
Event: 351986.774 Thread 0x0000019e73ba2800 Thread exited: 0x0000019e73ba2800
Event: 351986.774 Executing VM operation: RevokeBias


Dynamic libraries:
0x00007ff63edd0000 - 0x00007ff63ee17000 	D:\Java\jdk1.8.0_261\bin\java.exe
0x00007ffbe3ac0000 - 0x00007ffbe3cc7000 	C:\WINDOWS\SYSTEM32\ntdll.dll
0x00007ffbe2620000 - 0x00007ffbe26dd000 	C:\WINDOWS\System32\KERNEL32.DLL
0x00007ffbe1200000 - 0x00007ffbe1574000 	C:\WINDOWS\System32\KERNELBASE.dll
0x00007ffbe1ab0000 - 0x00007ffbe1b5c000 	C:\WINDOWS\System32\ADVAPI32.dll
0x00007ffbe26e0000 - 0x00007ffbe2783000 	C:\WINDOWS\System32\msvcrt.dll
0x00007ffbe1a00000 - 0x00007ffbe1a9d000 	C:\WINDOWS\System32\sechost.dll
0x00007ffbe2790000 - 0x00007ffbe28b1000 	C:\WINDOWS\System32\RPCRT4.dll
0x00007ffbe2470000 - 0x00007ffbe261c000 	C:\WINDOWS\System32\USER32.dll
0x00007ffbe11d0000 - 0x00007ffbe11f6000 	C:\WINDOWS\System32\win32u.dll
0x00007ffbe2c60000 - 0x00007ffbe2c89000 	C:\WINDOWS\System32\GDI32.dll
0x00007ffbe1580000 - 0x00007ffbe1692000 	C:\WINDOWS\System32\gdi32full.dll
0x00007ffbe1130000 - 0x00007ffbe11cd000 	C:\WINDOWS\System32\msvcp_win.dll
0x00007ffbe0fa0000 - 0x00007ffbe10b1000 	C:\WINDOWS\System32\ucrtbase.dll
0x00007ffbc7730000 - 0x00007ffbc79d5000 	C:\WINDOWS\WinSxS\amd64_microsoft.windows.common-controls_6595b64144ccf1df_6.0.22000.120_none_9d947278b86cc467\COMCTL32.dll
0x00007ffbe39e0000 - 0x00007ffbe3a11000 	C:\WINDOWS\System32\IMM32.DLL
0x00007ffbdcee0000 - 0x00007ffbdcef5000 	D:\Java\jdk1.8.0_261\jre\bin\vcruntime140.dll
0x00007ffbc7b60000 - 0x00007ffbc7bfb000 	D:\Java\jdk1.8.0_261\jre\bin\msvcp140.dll
0x0000000066df0000 - 0x000000006765c000 	D:\Java\jdk1.8.0_261\jre\bin\server\jvm.dll
0x00007ffbe2a80000 - 0x00007ffbe2a88000 	C:\WINDOWS\System32\PSAPI.DLL
0x00007ffbcc3a0000 - 0x00007ffbcc3a9000 	C:\WINDOWS\SYSTEM32\WSOCK32.dll
0x00007ffbd88d0000 - 0x00007ffbd88da000 	C:\WINDOWS\SYSTEM32\VERSION.dll
0x00007ffbdad20000 - 0x00007ffbdad53000 	C:\WINDOWS\SYSTEM32\WINMM.dll
0x00007ffbe2400000 - 0x00007ffbe246f000 	C:\WINDOWS\System32\WS2_32.dll
0x00007ffbe01b0000 - 0x00007ffbe01c8000 	C:\WINDOWS\SYSTEM32\kernel.appcore.dll
0x00007ffbdce00000 - 0x00007ffbdce10000 	D:\Java\jdk1.8.0_261\jre\bin\verify.dll
0x00007ffbdb7c0000 - 0x00007ffbdb7eb000 	D:\Java\jdk1.8.0_261\jre\bin\java.dll
0x00007ffbdb650000 - 0x00007ffbdb682000 	D:\Java\jdk1.8.0_261\jre\bin\instrument.dll
0x00007ffbdcde0000 - 0x00007ffbdcdf8000 	D:\Java\jdk1.8.0_261\jre\bin\zip.dll
0x00007ffbe31d0000 - 0x00007ffbe397a000 	C:\WINDOWS\System32\SHELL32.dll
0x00007ffbdf150000 - 0x00007ffbdf9b2000 	C:\WINDOWS\SYSTEM32\windows.storage.dll
0x00007ffbe2080000 - 0x00007ffbe23f8000 	C:\WINDOWS\System32\combase.dll
0x00007ffbdefe0000 - 0x00007ffbdf146000 	C:\WINDOWS\SYSTEM32\wintypes.dll
0x00007ffbe2ed0000 - 0x00007ffbe2fba000 	C:\WINDOWS\System32\SHCORE.dll
0x00007ffbe2b10000 - 0x00007ffbe2b6d000 	C:\WINDOWS\System32\shlwapi.dll
0x00007ffbe0ed0000 - 0x00007ffbe0ef1000 	C:\WINDOWS\SYSTEM32\profapi.dll
0x00007ffbdb6e0000 - 0x00007ffbdb6fa000 	D:\IDEA\IntelliJ IDEA 2019.1.3\bin\breakgen64.dll
0x00007ffbd0b30000 - 0x00007ffbd0b4c000 	D:\Java\jdk1.8.0_261\jre\bin\net.dll
0x00007ffbe05c0000 - 0x00007ffbe0627000 	C:\WINDOWS\system32\mswsock.dll
0x00007ffbdfd20000 - 0x00007ffbdfe07000 	C:\WINDOWS\SYSTEM32\DNSAPI.dll
0x00007ffbdfcf0000 - 0x00007ffbdfd1d000 	C:\WINDOWS\SYSTEM32\IPHLPAPI.DLL
0x00007ffbe2b70000 - 0x00007ffbe2b79000 	C:\WINDOWS\System32\NSI.dll
0x00007ffbd5c10000 - 0x00007ffbd5c1a000 	C:\Windows\System32\rasadhlp.dll
0x00007ffbd87c0000 - 0x00007ffbd8841000 	C:\WINDOWS\System32\fwpuclnt.dll
0x00007ffbdb6d0000 - 0x00007ffbdb6dd000 	D:\Java\jdk1.8.0_261\jre\bin\management.dll
0x00007ffbd0b10000 - 0x00007ffbd0b23000 	D:\Java\jdk1.8.0_261\jre\bin\nio.dll
0x00007ffbe0800000 - 0x00007ffbe0818000 	C:\WINDOWS\SYSTEM32\CRYPTSP.dll
0x00007ffbe0110000 - 0x00007ffbe0145000 	C:\WINDOWS\system32\rsaenh.dll
0x00007ffbe06b0000 - 0x00007ffbe06d9000 	C:\WINDOWS\SYSTEM32\USERENV.dll
0x00007ffbe0980000 - 0x00007ffbe09a7000 	C:\WINDOWS\SYSTEM32\bcrypt.dll
0x00007ffbe18d0000 - 0x00007ffbe1950000 	C:\WINDOWS\System32\bcryptprimitives.dll
0x00007ffbe0820000 - 0x00007ffbe082c000 	C:\WINDOWS\SYSTEM32\CRYPTBASE.dll
0x00007ffbdb150000 - 0x00007ffbdb169000 	C:\WINDOWS\SYSTEM32\dhcpcsvc6.DLL
0x00007ffbdb400000 - 0x00007ffbdb41e000 	C:\WINDOWS\SYSTEM32\dhcpcsvc.DLL
0x00007ffbbc0b0000 - 0x00007ffbbc0c7000 	C:\WINDOWS\system32\napinsp.dll
0x00007ffbbc090000 - 0x00007ffbbc0ab000 	C:\WINDOWS\system32\pnrpnsp.dll
0x00007ffbbc070000 - 0x00007ffbbc082000 	C:\WINDOWS\System32\winrnr.dll
0x00007ffbd8850000 - 0x00007ffbd8865000 	C:\WINDOWS\system32\wshbth.dll
0x00007ffbbc050000 - 0x00007ffbbc06f000 	C:\WINDOWS\system32\nlansp_c.dll

VM Arguments:
jvm_args: -XX:TieredStopAtLevel=1 -Xverify:none -Dspring.output.ansi.enabled=always -Dcom.sun.management.jmxremote -Dspring.jmx.enabled=true -Dspring.liveBeansView.mbeanDomain -Dspring.application.admin.enabled=true -javaagent:D:\IDEA\IntelliJ IDEA 2019.1.3\lib\idea_rt.jar=56785:D:\IDEA\IntelliJ IDEA 2019.1.3\bin -Dfile.encoding=UTF-8 
java_command: com.atguigu.yygh.order.ServiceOrderApplication
java_class_path (initial): D:\Java\jdk1.8.0_261\jre\lib\charsets.jar;D:\Java\jdk1.8.0_261\jre\lib\deploy.jar;D:\Java\jdk1.8.0_261\jre\lib\ext\access-bridge-64.jar;D:\Java\jdk1.8.0_261\jre\lib\ext\cldrdata.jar;D:\Java\jdk1.8.0_261\jre\lib\ext\dnsns.jar;D:\Java\jdk1.8.0_261\jre\lib\ext\jaccess.jar;D:\Java\jdk1.8.0_261\jre\lib\ext\jfxrt.jar;D:\Java\jdk1.8.0_261\jre\lib\ext\localedata.jar;D:\Java\jdk1.8.0_261\jre\lib\ext\nashorn.jar;D:\Java\jdk1.8.0_261\jre\lib\ext\sunec.jar;D:\Java\jdk1.8.0_261\jre\lib\ext\sunjce_provider.jar;D:\Java\jdk1.8.0_261\jre\lib\ext\sunmscapi.jar;D:\Java\jdk1.8.0_261\jre\lib\ext\sunpkcs11.jar;D:\Java\jdk1.8.0_261\jre\lib\ext\zipfs.jar;D:\Java\jdk1.8.0_261\jre\lib\javaws.jar;D:\Java\jdk1.8.0_261\jre\lib\jce.jar;D:\Java\jdk1.8.0_261\jre\lib\jfr.jar;D:\Java\jdk1.8.0_261\jre\lib\jfxswt.jar;D:\Java\jdk1.8.0_261\jre\lib\jsse.jar;D:\Java\jdk1.8.0_261\jre\lib\management-agent.jar;D:\Java\jdk1.8.0_261\jre\lib\plugin.jar;D:\Java\jdk1.8.0_261\jre\lib\resources.jar;D:\Java\jdk1.8.0_261\jre\lib\rt.jar;D:\JavaWeb\shangyitong\yygh-parent\service\service-order\target\classes;D:\JavaWeb\shangyitong\yygh-parent\service-client\service-user-client\target\classes;D:\JavaWeb\shangyitong\yygh-parent\common\common-util\target\classes;D:\JavaWeb\maven_repository\org\apache\httpcomponents\httpclient\4.5.1\httpclient-4.5.1.jar;D:\JavaWeb\maven_repository\org\apache\httpcomponents\httpcore\4.4.12\httpcore-4.4.12.jar;D:\JavaWeb\maven_repository\commons-logging\commons-logging\1.2\commons-logging-1.2.jar;D:\JavaWeb\maven_repository\commons-codec\commons-codec\1.13\commons-codec-1.13.jar;D:\JavaWeb\maven_repository\io\jsonwebtoken\jjwt\0.7.0\jjwt-0.7.0.jar;D:\JavaWeb\maven_repository\com\alibaba\easyexcel\2.2.0-beta2\easyexcel-2.2.0-beta2.jar;D:\JavaWeb\maven_repository\org\apache\poi\poi\3.17\poi-3.17.jar;D:\JavaWeb\maven_repository\org\apache\commons\commons-collections4\4.1\commons-collections4-4.1.jar;D:\JavaWeb\maven_repository\org\apache\poi\poi-ooxml\3.17\poi-ooxml
Launcher Type: SUN_STANDARD

Environment Variables:
JAVA_HOME=D:\Java\jdk1.8.0_261
CLASSPATH=.;D:\Java\jdk1.8.0_261\lib\dt.jar;D:\Java\jdk1.8.0_261\lib\tools.jar; %JMETER_HOME%\lib\ext\ApacheJMeter_core.jar;%JMETER_HOME%\lib\jorphan.jar;%JMETER_HOME%\lib\logkit-2.0.jar;
PATH=C:\WINDOWS\system32;C:\WINDOWS;C:\WINDOWS\System32\Wbem;C:\WINDOWS\System32\WindowsPowerShell\v1.0\;C:\WINDOWS\System32\OpenSSH\;D:\Java\jdk1.8.0_261\bin;D:\Java\jdk1.8.0_261\jre\bin;D:\apache-maven-3.6.1\bin;D:\mysql-5.7.30-winx64\bin;D:\Environment\Git\cmd;D:\EnvSoftware\nodejs\;C:\Users\ouran\AppData\Local\Microsoft\WindowsApps;C:\Users\ouran\AppData\Local\Programs\Microsoft VS Code\bin;D:\EnvSoftware\Microsoft VS Code\bin;C:\Users\ouran\AppData\Roaming\npm;D:\EnvSoftware\nodejs\node_global;
USERNAME=ouran
OS=Windows_NT
PROCESSOR_IDENTIFIER=Intel64 Family 6 Model 142 Stepping 10, GenuineIntel



---------------  S Y S T E M  ---------------

OS: Windows 10.0 , 64 bit Build 22000 (10.0.22000.318)

CPU:total 8 (initial active 8) (4 cores per cpu, 2 threads per core) family 6 model 142 stepping 10, cmov, cx8, fxsr, mmx, sse, sse2, sse3, ssse3, sse4.1, sse4.2, popcnt, avx, avx2, aes, clmul, erms, 3dnowpref, lzcnt, ht, tsc, tscinvbit, bmi1, bmi2, adx

Memory: 4k page, physical 16671976k(426012k free), swap 45681892k(0k free)

vm_info: Java HotSpot(TM) 64-Bit Server VM (25.261-b12) for windows-amd64 JRE (1.8.0_261-b12), built on Jun 18 2020 06:56:32 by "" with unknown MS VC++:1916

time: Thu Jan 27 13:56:53 2022
timezone: 中国标准时间
elapsed time: 351986 seconds (4d 1h 46m 26s)

